Build started 7/28/2014 12:49:48 AM.
     1>Project "C:\Users\Aleksandr\Documents\Visual Studio 2013\Projects\itstep\exam-Restaurant\Restaurant\Restaurant.vcxproj" on node 2 (Build target(s)).
     1>ClCompile:
         C:\Program Files (x86)\Microsoft Visual Studio 12.0\VC\bin\CL.exe /c /ZI /nologo /W3 /WX- /Od /Oy- /D WIN32 /D _DEBUG /D _CONSOLE /D _UNICODE /D UNICODE /Gm /EHsc /RTC1 /MDd /GS /fp:precise /Zc:wchar_t /Zc:forScope /Fo"Debug\\" /Fd"Debug\vc120.pdb" /Gd /TP /analyze- /errorReport:prompt Dish.cpp Main.cpp
         Main.cpp
         Dish.cpp
     1>c:\users\aleksandr\documents\visual studio 2013\projects\itstep\exam-restaurant\restaurant\dish.cpp(10): warning C4996: 'strcpy': This function or variable may be unsafe. Consider using strcpy_s instead. To disable deprecation, use _CRT_SECURE_NO_WARNINGS. See online help for details.
                 c:\program files (x86)\microsoft visual studio 12.0\vc\include\string.h(112) : see declaration of 'strcpy'
     1>c:\users\aleksandr\documents\visual studio 2013\projects\itstep\exam-restaurant\restaurant\dish.cpp(54): warning C4996: 'fopen': This function or variable may be unsafe. Consider using fopen_s instead. To disable deprecation, use _CRT_SECURE_NO_WARNINGS. See online help for details.
                 c:\program files (x86)\microsoft visual studio 12.0\vc\include\stdio.h(211) : see declaration of 'fopen'
     1>c:\users\aleksandr\documents\visual studio 2013\projects\itstep\exam-restaurant\restaurant\dish.cpp(61): warning C4996: 'fopen': This function or variable may be unsafe. Consider using fopen_s instead. To disable deprecation, use _CRT_SECURE_NO_WARNINGS. See online help for details.
                 c:\program files (x86)\microsoft visual studio 12.0\vc\include\stdio.h(211) : see declaration of 'fopen'
     1>c:\users\aleksandr\documents\visual studio 2013\projects\itstep\exam-restaurant\restaurant\dish.cpp(66): warning C4996: 'fscanf': This function or variable may be unsafe. Consider using fscanf_s instead. To disable deprecation, use _CRT_SECURE_NO_WARNINGS. See online help for details.
                 c:\program files (x86)\microsoft visual studio 12.0\vc\include\stdio.h(230) : see declaration of 'fscanf'
         Generating Code...
       Link:
         C:\Program Files (x86)\Microsoft Visual Studio 12.0\VC\bin\link.exe /ERRORREPORT:PROMPT /OUT:"C:\Users\Aleksandr\Documents\Visual Studio 2013\Projects\itstep\exam-Restaurant\Debug\Restaurant.exe" /INCREMENTAL /NOLOGO kernel32.lib user32.lib gdi32.lib winspool.lib comdlg32.lib advapi32.lib shell32.lib ole32.lib oleaut32.lib uuid.lib odbc32.lib odbccp32.lib /MANIFEST /MANIFESTUAC:"level='asInvoker' uiAccess='false'" /manifest:embed /DEBUG /PDB:"C:\Users\Aleksandr\Documents\Visual Studio 2013\Projects\itstep\exam-Restaurant\Debug\Restaurant.pdb" /SUBSYSTEM:CONSOLE /TLBID:1 /DYNAMICBASE /NXCOMPAT /IMPLIB:"C:\Users\Aleksandr\Documents\Visual Studio 2013\Projects\itstep\exam-Restaurant\Debug\Restaurant.lib" /MACHINE:X86 Debug\Dish.obj
         Debug\Main.obj
         Restaurant.vcxproj -> C:\Users\Aleksandr\Documents\Visual Studio 2013\Projects\itstep\exam-Restaurant\Debug\Restaurant.exe
     1>Done Building Project "C:\Users\Aleksandr\Documents\Visual Studio 2013\Projects\itstep\exam-Restaurant\Restaurant\Restaurant.vcxproj" (Build target(s)).

Build succeeded.

Time Elapsed 00:00:02.65
