c:\users\user\documents\visual studio 2010\projects\restaurant\restaurant\debug\dish.obj
c:\users\user\documents\visual studio 2010\projects\restaurant\restaurant\debug\main.obj
c:\users\user\documents\visual studio 2010\projects\restaurant\restaurant\debug\vc100.pdb
c:\users\aleksandr\downloads\restaurant\restaurant\debug\dish.obj
c:\users\aleksandr\downloads\restaurant\restaurant\debug\vc100.pdb
c:\users\aleksandr\downloads\restaurant\restaurant\debug\main.obj
c:\users\user\documents\visual studio 2010\projects\restaurant\debug\restaurant.ilk
c:\users\user\documents\visual studio 2010\projects\restaurant\debug\restaurant.exe
c:\users\user\documents\visual studio 2010\projects\restaurant\restaurant\debug\restaurant.exe.intermediate.manifest
c:\users\user\documents\visual studio 2010\projects\restaurant\debug\restaurant.pdb
c:\users\aleksandr\downloads\restaurant\debug\restaurant.ilk
c:\users\aleksandr\downloads\restaurant\debug\restaurant.exe
c:\users\aleksandr\downloads\restaurant\restaurant\debug\restaurant.exe.intermediate.manifest
c:\users\aleksandr\downloads\restaurant\debug\restaurant.pdb
c:\users\user\documents\visual studio 2010\projects\restaurant\restaurant\debug\restaurant.exe.embed.manifest
c:\users\user\documents\visual studio 2010\projects\restaurant\restaurant\debug\restaurant.exe.embed.manifest.res
c:\users\aleksandr\downloads\restaurant\restaurant\debug\restaurant.exe.embed.manifest.res
c:\users\aleksandr\desktop\restaurant\restaurant\debug\vc120.pdb
c:\users\aleksandr\desktop\restaurant\restaurant\debug\vc120.idb
c:\users\aleksandr\desktop\restaurant\restaurant\debug\dish.obj
c:\users\aleksandr\desktop\restaurant\restaurant\debug\main.obj
c:\users\aleksandr\desktop\restaurant\restaurant\debug\restaurant.vcxprojresolveassemblyreference.cache
c:\users\aleksandr\desktop\restaurant\restaurant\debug\cl.command.1.tlog
c:\users\aleksandr\desktop\restaurant\restaurant\debug\cl.read.1.tlog
c:\users\aleksandr\desktop\restaurant\restaurant\debug\cl.write.1.tlog
c:\users\aleksandr\desktop\restaurant\restaurant\debug\link-cvtres.read.1.tlog
c:\users\aleksandr\desktop\restaurant\restaurant\debug\link-cvtres.write.1.tlog
c:\users\aleksandr\desktop\restaurant\restaurant\debug\link.1976-cvtres.read.1.tlog
c:\users\aleksandr\desktop\restaurant\restaurant\debug\link.1976-cvtres.write.1.tlog
c:\users\aleksandr\desktop\restaurant\restaurant\debug\link.1976.read.1.tlog
c:\users\aleksandr\desktop\restaurant\restaurant\debug\link.1976.write.1.tlog
c:\users\aleksandr\desktop\restaurant\restaurant\debug\link.2688-cvtres.read.1.tlog
c:\users\aleksandr\desktop\restaurant\restaurant\debug\link.2688-cvtres.write.1.tlog
c:\users\aleksandr\desktop\restaurant\restaurant\debug\link.2688.read.1.tlog
c:\users\aleksandr\desktop\restaurant\restaurant\debug\link.2688.write.1.tlog
c:\users\aleksandr\desktop\restaurant\restaurant\debug\link.3696-cvtres.read.1.tlog
c:\users\aleksandr\desktop\restaurant\restaurant\debug\link.3696-cvtres.write.1.tlog
c:\users\aleksandr\desktop\restaurant\restaurant\debug\link.3696.read.1.tlog
c:\users\aleksandr\desktop\restaurant\restaurant\debug\link.3696.write.1.tlog
c:\users\aleksandr\desktop\restaurant\restaurant\debug\link.command.1.tlog
c:\users\aleksandr\desktop\restaurant\restaurant\debug\link.read.1.tlog
c:\users\aleksandr\desktop\restaurant\restaurant\debug\link.write.1.tlog
c:\users\aleksandr\desktop\restaurant\restaurant\debug\mt.command.1.tlog
c:\users\aleksandr\desktop\restaurant\restaurant\debug\mt.read.1.tlog
c:\users\aleksandr\desktop\restaurant\restaurant\debug\mt.write.1.tlog
c:\users\aleksandr\desktop\restaurant\restaurant\debug\rc.command.1.tlog
c:\users\aleksandr\desktop\restaurant\restaurant\debug\rc.read.1.tlog
c:\users\aleksandr\desktop\restaurant\restaurant\debug\rc.write.1.tlog
c:\users\aleksandr\desktop\restaurant\restaurant\debug\restaurant.write.1.tlog
c:\users\aleksandr\desktop\restaurant\restaurant\debug\restaurant.exe.embed.manifest
c:\users\aleksandr\desktop\restaurant\restaurant\debug\restaurant.exe.intermediate.manifest
c:\users\aleksandr\desktop\restaurant\restaurant\debug\restaurant.exe.embed.manifest.res
c:\users\aleksandr\desktop\restaurant\restaurant\debug\vc100.idb
c:\users\aleksandr\desktop\restaurant\restaurant\debug\vc100.pdb
c:\users\aleksandr\desktop\restaurant\restaurant\debug\restaurant_manifest.rc
c:\users\aleksandr\desktop\restaurant\debug\restaurant.pdb
c:\users\aleksandr\desktop\restaurant\restaurant\debug\restaurant.tlog\cl.command.1.tlog
c:\users\aleksandr\desktop\restaurant\restaurant\debug\restaurant.tlog\cl.read.1.tlog
c:\users\aleksandr\desktop\restaurant\restaurant\debug\restaurant.tlog\cl.write.1.tlog
c:\users\aleksandr\desktop\restaurant\restaurant\debug\restaurant.tlog\link-cvtres.read.1.tlog
c:\users\aleksandr\desktop\restaurant\restaurant\debug\restaurant.tlog\link-cvtres.write.1.tlog
c:\users\aleksandr\desktop\restaurant\restaurant\debug\restaurant.tlog\link-rc.read.1.tlog
c:\users\aleksandr\desktop\restaurant\restaurant\debug\restaurant.tlog\link-rc.write.1.tlog
c:\users\aleksandr\desktop\restaurant\restaurant\debug\restaurant.tlog\link.command.1.tlog
c:\users\aleksandr\desktop\restaurant\restaurant\debug\restaurant.tlog\link.read.1.tlog
c:\users\aleksandr\desktop\restaurant\restaurant\debug\restaurant.tlog\link.write.1.tlog
